<?xml version="1.0" encoding="UTF-8"?>
<testsuites name="TestCaseLogin" time="74.641" tests="5" failures="0" errors="0">
   <testsuite name="TestCaseLogin" tests="5" failures="0" errors="0" time="74.641" timestamp="2020-09-24 11:23:42" hostname="Liliths - DESKTOP-KOSEG6E" id="Test Suites/TestCaseLogin">
      <properties>
         <property name="deviceName" value=""/>
         <property name="devicePlatform" value=""/>
         <property name="logFolder" value="C:\\Users\\Liliths\\Katalon Studio\\TestCaseLogin\\Reports\\20200924_112332\\TestCaseLogin\\20200924_112332"/>
         <property name="logFiles" value="C:\\Users\\Liliths\\Katalon Studio\\TestCaseLogin\\Reports\\20200924_112332\\TestCaseLogin\\20200924_112332\\execution0.log"/>
         <property name="attachments" value=""/>
         <property name="hostName" value="Liliths - DESKTOP-KOSEG6E"/>
         <property name="os" value="Windows 10 64bit"/>
         <property name="katalonVersion" value="7.7.0.205"/>
         <property name="browser" value="Chrome 85.0.4183.102"/>
         <property name="hostAddress" value="192.168.1.106"/>
         <property name="sessionId" value="e60ea855cd118b19996adbe846aa80b2"/>
         <property name="seleniumVersion" value="3.141.59"/>
         <property name="proxyInformation" value="ProxyInformation { proxyOption=NO_PROXY, proxyServerType=HTTP, username=, password=********, proxyServerAddress=, proxyServerPort=0, executionList=&quot;&quot;, isApplyToDesiredCapabilities=true }"/>
         <property name="platform" value="Windows 10"/>
      </properties>
      <testcase name="Test Cases/Check login with all empty fields" time="15.26" classname="Test Cases/Check login with all empty fields" status="PASSED">
         <system-out><![CDATA[2020-09-24 11:23:42 - [TEST_CASE][PASSED] - Test Cases/Check login with all empty fields: Test Cases/Check login with all empty fields

2020-09-24 11:23:43 - [TEST_STEP][PASSED] - openBrowser(""): Browser is opened with url: ''

2020-09-24 11:23:44 - [MESSAGE][INFO] - Starting 'Chrome' driver

2020-09-24 11:23:44 - [MESSAGE][INFO] - Action delay is set to 0 milliseconds

2020-09-24 11:23:50 - [MESSAGE][PASSED] - Browser is opened with url: ''

2020-09-24 11:23:50 - [TEST_STEP][PASSED] - navigateToUrl("https://katalon-demo-cura.herokuapp.com/"): Navigate to 'https://katalon-demo-cura.herokuapp.com/' successfully

2020-09-24 11:23:53 - [MESSAGE][PASSED] - Navigate to 'https://katalon-demo-cura.herokuapp.com/' successfully

2020-09-24 11:23:53 - [TEST_STEP][PASSED] - click(findTestObject("Object Repository/All_Empty_Fields/Page_CURA Healthcare Service/i_CURA Healthcare_fa fa-bars")): Object: 'Object Repository/All_Empty_Fields/Page_CURA Healthcare Service/i_CURA Healthcare_fa fa-bars' is clicked on

2020-09-24 11:23:53 - [MESSAGE][PASSED] - Object: 'Object Repository/All_Empty_Fields/Page_CURA Healthcare Service/i_CURA Healthcare_fa fa-bars' is clicked on

2020-09-24 11:23:53 - [TEST_STEP][PASSED] - click(findTestObject("Object Repository/All_Empty_Fields/Page_CURA Healthcare Service/a_Login")): Object: 'Object Repository/All_Empty_Fields/Page_CURA Healthcare Service/a_Login' is clicked on

2020-09-24 11:23:55 - [MESSAGE][PASSED] - Object: 'Object Repository/All_Empty_Fields/Page_CURA Healthcare Service/a_Login' is clicked on

2020-09-24 11:23:55 - [TEST_STEP][PASSED] - click(findTestObject("Object Repository/All_Empty_Fields/Page_CURA Healthcare Service/button_Login")): Object: 'Object Repository/All_Empty_Fields/Page_CURA Healthcare Service/button_Login' is clicked on

2020-09-24 11:23:56 - [MESSAGE][PASSED] - Object: 'Object Repository/All_Empty_Fields/Page_CURA Healthcare Service/button_Login' is clicked on

2020-09-24 11:23:56 - [TEST_STEP][PASSED] - verifyElementPresent(findTestObject("Object Repository/All_Empty_Fields/Page_CURA Healthcare Service/p_Login failed Please ensure the username a_eb55b5"), 0): Object 'Object Repository/All_Empty_Fields/Page_CURA Healthcare Service/p_Login failed Please ensure the username a_eb55b5' is present

2020-09-24 11:23:56 - [MESSAGE][WARNING] - Timeout '0' is invalid. Using default page load timeout: '30'

2020-09-24 11:23:56 - [MESSAGE][PASSED] - Object 'Object Repository/All_Empty_Fields/Page_CURA Healthcare Service/p_Login failed Please ensure the username a_eb55b5' is present

2020-09-24 11:23:56 - [TEST_STEP][PASSED] - closeBrowser(): Browser is closed

2020-09-24 11:23:58 - [MESSAGE][PASSED] - Browser is closed]]></system-out>
         <system-err><![CDATA[]]></system-err>
      </testcase>
      <testcase name="Test Cases/Check login with correct Username and Password" time="16.381" classname="Test Cases/Check login with correct Username and Password" status="PASSED">
         <system-out><![CDATA[2020-09-24 11:23:58 - [TEST_CASE][PASSED] - Test Cases/Check login with correct Username and Password: Test Cases/Check login with correct Username and Password

2020-09-24 11:23:58 - [TEST_STEP][PASSED] - openBrowser(""): Browser is opened with url: ''

2020-09-24 11:23:58 - [MESSAGE][INFO] - Starting 'Chrome' driver

2020-09-24 11:23:58 - [MESSAGE][INFO] - Action delay is set to 0 milliseconds

2020-09-24 11:24:02 - [MESSAGE][PASSED] - Browser is opened with url: ''

2020-09-24 11:24:02 - [TEST_STEP][PASSED] - navigateToUrl("https://katalon-demo-cura.herokuapp.com/"): Navigate to 'https://katalon-demo-cura.herokuapp.com/' successfully

2020-09-24 11:24:06 - [MESSAGE][PASSED] - Navigate to 'https://katalon-demo-cura.herokuapp.com/' successfully

2020-09-24 11:24:06 - [TEST_STEP][PASSED] - click(findTestObject("Object Repository/Correct_Username_And_Password/Page_CURA Healthcare Service/a_CURA Healthcare_menu-toggle")): Object: 'Object Repository/Correct_Username_And_Password/Page_CURA Healthcare Service/a_CURA Healthcare_menu-toggle' is clicked on

2020-09-24 11:24:06 - [MESSAGE][PASSED] - Object: 'Object Repository/Correct_Username_And_Password/Page_CURA Healthcare Service/a_CURA Healthcare_menu-toggle' is clicked on

2020-09-24 11:24:06 - [TEST_STEP][PASSED] - click(findTestObject("Object Repository/Correct_Username_And_Password/Page_CURA Healthcare Service/a_Login")): Object: 'Object Repository/Correct_Username_And_Password/Page_CURA Healthcare Service/a_Login' is clicked on

2020-09-24 11:24:07 - [MESSAGE][PASSED] - Object: 'Object Repository/Correct_Username_And_Password/Page_CURA Healthcare Service/a_Login' is clicked on

2020-09-24 11:24:07 - [TEST_STEP][PASSED] - setText(findTestObject("Object Repository/Correct_Username_And_Password/Page_CURA Healthcare Service/input_Username_username"), "John Doe"): Text 'John Doe' is set on object 'Object Repository/Correct_Username_And_Password/Page_CURA Healthcare Service/input_Username_username'

2020-09-24 11:24:08 - [MESSAGE][PASSED] - Text 'John Doe' is set on object 'Object Repository/Correct_Username_And_Password/Page_CURA Healthcare Service/input_Username_username'

2020-09-24 11:24:08 - [TEST_STEP][PASSED] - setEncryptedText(findTestObject("Object Repository/Correct_Username_And_Password/Page_CURA Healthcare Service/input_Password_password"), "g3/DOGG74jC3Flrr3yH+3D/yKbOqqUNM"): Text ****** has been set on object 'Object Repository/Correct_Username_And_Password/Page_CURA Healthcare Service/input_Password_password'

2020-09-24 11:24:09 - [MESSAGE][PASSED] - Text ****** has been set on object 'Object Repository/Correct_Username_And_Password/Page_CURA Healthcare Service/input_Password_password'

2020-09-24 11:24:09 - [TEST_STEP][PASSED] - click(findTestObject("Object Repository/Correct_Username_And_Password/Page_CURA Healthcare Service/button_Login")): Object: 'Object Repository/Correct_Username_And_Password/Page_CURA Healthcare Service/button_Login' is clicked on

2020-09-24 11:24:10 - [MESSAGE][PASSED] - Object: 'Object Repository/Correct_Username_And_Password/Page_CURA Healthcare Service/button_Login' is clicked on

2020-09-24 11:24:10 - [TEST_STEP][PASSED] - click(findTestObject("Object Repository/Correct_Username_And_Password/Page_CURA Healthcare Service/section_Make Appointment                   _57f49e")): Object: 'Object Repository/Correct_Username_And_Password/Page_CURA Healthcare Service/section_Make Appointment                   _57f49e' is clicked on

2020-09-24 11:24:11 - [MESSAGE][PASSED] - Object: 'Object Repository/Correct_Username_And_Password/Page_CURA Healthcare Service/section_Make Appointment                   _57f49e' is clicked on

2020-09-24 11:24:11 - [TEST_STEP][PASSED] - click(findTestObject("Object Repository/Correct_Username_And_Password/Page_CURA Healthcare Service/i_CURA Healthcare_fa fa-bars")): Object: 'Object Repository/Correct_Username_And_Password/Page_CURA Healthcare Service/i_CURA Healthcare_fa fa-bars' is clicked on

2020-09-24 11:24:12 - [MESSAGE][PASSED] - Object: 'Object Repository/Correct_Username_And_Password/Page_CURA Healthcare Service/i_CURA Healthcare_fa fa-bars' is clicked on

2020-09-24 11:24:12 - [TEST_STEP][PASSED] - click(findTestObject("Object Repository/Correct_Username_And_Password/Page_CURA Healthcare Service/a_Logout")): Object: 'Object Repository/Correct_Username_And_Password/Page_CURA Healthcare Service/a_Logout' is clicked on

2020-09-24 11:24:13 - [MESSAGE][PASSED] - Object: 'Object Repository/Correct_Username_And_Password/Page_CURA Healthcare Service/a_Logout' is clicked on

2020-09-24 11:24:13 - [TEST_STEP][PASSED] - verifyElementPresent(findTestObject("Object Repository/Correct_Username_And_Password/Page_CURA Healthcare Service/a_CURA Healthcare_menu-toggle"), 0): Object 'Object Repository/Correct_Username_And_Password/Page_CURA Healthcare Service/a_CURA Healthcare_menu-toggle' is present

2020-09-24 11:24:13 - [MESSAGE][WARNING] - Timeout '0' is invalid. Using default page load timeout: '30'

2020-09-24 11:24:13 - [MESSAGE][PASSED] - Object 'Object Repository/Correct_Username_And_Password/Page_CURA Healthcare Service/a_CURA Healthcare_menu-toggle' is present

2020-09-24 11:24:13 - [TEST_STEP][PASSED] - closeBrowser(): Browser is closed

2020-09-24 11:24:14 - [MESSAGE][PASSED] - Browser is closed]]></system-out>
         <system-err><![CDATA[]]></system-err>
      </testcase>
      <testcase name="Test Cases/Check login with correct Username and wrong Password" time="14.193" classname="Test Cases/Check login with correct Username and wrong Password" status="PASSED">
         <system-out><![CDATA[2020-09-24 11:24:14 - [TEST_CASE][PASSED] - Test Cases/Check login with correct Username and wrong Password: Test Cases/Check login with correct Username and wrong Password

2020-09-24 11:24:15 - [TEST_STEP][PASSED] - openBrowser(""): Browser is opened with url: ''

2020-09-24 11:24:15 - [MESSAGE][INFO] - Starting 'Chrome' driver

2020-09-24 11:24:15 - [MESSAGE][INFO] - Action delay is set to 0 milliseconds

2020-09-24 11:24:18 - [MESSAGE][PASSED] - Browser is opened with url: ''

2020-09-24 11:24:18 - [TEST_STEP][PASSED] - navigateToUrl("https://katalon-demo-cura.herokuapp.com/"): Navigate to 'https://katalon-demo-cura.herokuapp.com/' successfully

2020-09-24 11:24:22 - [MESSAGE][PASSED] - Navigate to 'https://katalon-demo-cura.herokuapp.com/' successfully

2020-09-24 11:24:22 - [TEST_STEP][PASSED] - click(findTestObject("Object Repository/Correct_Username_And_Wrong_Password/Page_CURA Healthcare Service/i_CURA Healthcare_fa fa-bars")): Object: 'Object Repository/Correct_Username_And_Wrong_Password/Page_CURA Healthcare Service/i_CURA Healthcare_fa fa-bars' is clicked on

2020-09-24 11:24:23 - [MESSAGE][PASSED] - Object: 'Object Repository/Correct_Username_And_Wrong_Password/Page_CURA Healthcare Service/i_CURA Healthcare_fa fa-bars' is clicked on

2020-09-24 11:24:23 - [TEST_STEP][PASSED] - click(findTestObject("Object Repository/Correct_Username_And_Wrong_Password/Page_CURA Healthcare Service/a_Login")): Object: 'Object Repository/Correct_Username_And_Wrong_Password/Page_CURA Healthcare Service/a_Login' is clicked on

2020-09-24 11:24:24 - [MESSAGE][PASSED] - Object: 'Object Repository/Correct_Username_And_Wrong_Password/Page_CURA Healthcare Service/a_Login' is clicked on

2020-09-24 11:24:24 - [TEST_STEP][PASSED] - setText(findTestObject("Object Repository/Correct_Username_And_Wrong_Password/Page_CURA Healthcare Service/input_Username_username"), "John Doe"): Text 'John Doe' is set on object 'Object Repository/Correct_Username_And_Wrong_Password/Page_CURA Healthcare Service/input_Username_username'

2020-09-24 11:24:25 - [MESSAGE][PASSED] - Text 'John Doe' is set on object 'Object Repository/Correct_Username_And_Wrong_Password/Page_CURA Healthcare Service/input_Username_username'

2020-09-24 11:24:25 - [TEST_STEP][PASSED] - setEncryptedText(findTestObject("Object Repository/Correct_Username_And_Wrong_Password/Page_CURA Healthcare Service/input_Password_password"), "ib8hrRQklRUkn3gfaSQjLg=="): Text ****** has been set on object 'Object Repository/Correct_Username_And_Wrong_Password/Page_CURA Healthcare Service/input_Password_password'

2020-09-24 11:24:25 - [MESSAGE][PASSED] - Text ****** has been set on object 'Object Repository/Correct_Username_And_Wrong_Password/Page_CURA Healthcare Service/input_Password_password'

2020-09-24 11:24:25 - [TEST_STEP][PASSED] - click(findTestObject("Object Repository/Correct_Username_And_Wrong_Password/Page_CURA Healthcare Service/button_Login")): Object: 'Object Repository/Correct_Username_And_Wrong_Password/Page_CURA Healthcare Service/button_Login' is clicked on

2020-09-24 11:24:27 - [MESSAGE][PASSED] - Object: 'Object Repository/Correct_Username_And_Wrong_Password/Page_CURA Healthcare Service/button_Login' is clicked on

2020-09-24 11:24:27 - [TEST_STEP][PASSED] - verifyElementPresent(findTestObject("Object Repository/Correct_Username_And_Wrong_Password/Page_CURA Healthcare Service/p_Login failed Please ensure the username a_eb55b5"), 0): Object 'Object Repository/Correct_Username_And_Wrong_Password/Page_CURA Healthcare Service/p_Login failed Please ensure the username a_eb55b5' is present

2020-09-24 11:24:27 - [MESSAGE][WARNING] - Timeout '0' is invalid. Using default page load timeout: '30'

2020-09-24 11:24:27 - [MESSAGE][PASSED] - Object 'Object Repository/Correct_Username_And_Wrong_Password/Page_CURA Healthcare Service/p_Login failed Please ensure the username a_eb55b5' is present

2020-09-24 11:24:27 - [TEST_STEP][PASSED] - closeBrowser(): Browser is closed

2020-09-24 11:24:28 - [MESSAGE][PASSED] - Browser is closed]]></system-out>
         <system-err><![CDATA[]]></system-err>
      </testcase>
      <testcase name="Test Cases/Check login with wrong Username and correct Password" time="14.846" classname="Test Cases/Check login with wrong Username and correct Password" status="PASSED">
         <system-out><![CDATA[2020-09-24 11:24:28 - [TEST_CASE][PASSED] - Test Cases/Check login with wrong Username and correct Password: Test Cases/Check login with wrong Username and correct Password

2020-09-24 11:24:29 - [TEST_STEP][PASSED] - openBrowser(""): Browser is opened with url: ''

2020-09-24 11:24:29 - [MESSAGE][INFO] - Starting 'Chrome' driver

2020-09-24 11:24:29 - [MESSAGE][INFO] - Action delay is set to 0 milliseconds

2020-09-24 11:24:33 - [MESSAGE][PASSED] - Browser is opened with url: ''

2020-09-24 11:24:33 - [TEST_STEP][PASSED] - navigateToUrl("https://katalon-demo-cura.herokuapp.com/"): Navigate to 'https://katalon-demo-cura.herokuapp.com/' successfully

2020-09-24 11:24:36 - [MESSAGE][PASSED] - Navigate to 'https://katalon-demo-cura.herokuapp.com/' successfully

2020-09-24 11:24:36 - [TEST_STEP][PASSED] - click(findTestObject("Object Repository/Wrong_Username_And_Correct_Password/Page_CURA Healthcare Service/i_CURA Healthcare_fa fa-bars")): Object: 'Object Repository/Wrong_Username_And_Correct_Password/Page_CURA Healthcare Service/i_CURA Healthcare_fa fa-bars' is clicked on

2020-09-24 11:24:37 - [MESSAGE][PASSED] - Object: 'Object Repository/Wrong_Username_And_Correct_Password/Page_CURA Healthcare Service/i_CURA Healthcare_fa fa-bars' is clicked on

2020-09-24 11:24:37 - [TEST_STEP][PASSED] - click(findTestObject("Object Repository/Wrong_Username_And_Correct_Password/Page_CURA Healthcare Service/a_Login")): Object: 'Object Repository/Wrong_Username_And_Correct_Password/Page_CURA Healthcare Service/a_Login' is clicked on

2020-09-24 11:24:38 - [MESSAGE][PASSED] - Object: 'Object Repository/Wrong_Username_And_Correct_Password/Page_CURA Healthcare Service/a_Login' is clicked on

2020-09-24 11:24:38 - [TEST_STEP][PASSED] - setText(findTestObject("Object Repository/Wrong_Username_And_Correct_Password/Page_CURA Healthcare Service/input_Username_username"), "johndoe"): Text 'johndoe' is set on object 'Object Repository/Wrong_Username_And_Correct_Password/Page_CURA Healthcare Service/input_Username_username'

2020-09-24 11:24:39 - [MESSAGE][PASSED] - Text 'johndoe' is set on object 'Object Repository/Wrong_Username_And_Correct_Password/Page_CURA Healthcare Service/input_Username_username'

2020-09-24 11:24:39 - [TEST_STEP][PASSED] - setEncryptedText(findTestObject("Object Repository/Wrong_Username_And_Correct_Password/Page_CURA Healthcare Service/input_Password_password"), "PZQwh3QeQDDcirbK8Iu+E413IX9ElTWk"): Text ****** has been set on object 'Object Repository/Wrong_Username_And_Correct_Password/Page_CURA Healthcare Service/input_Password_password'

2020-09-24 11:24:40 - [MESSAGE][PASSED] - Text ****** has been set on object 'Object Repository/Wrong_Username_And_Correct_Password/Page_CURA Healthcare Service/input_Password_password'

2020-09-24 11:24:40 - [TEST_STEP][PASSED] - click(findTestObject("Object Repository/Wrong_Username_And_Correct_Password/Page_CURA Healthcare Service/button_Login")): Object: 'Object Repository/Wrong_Username_And_Correct_Password/Page_CURA Healthcare Service/button_Login' is clicked on

2020-09-24 11:24:41 - [MESSAGE][PASSED] - Object: 'Object Repository/Wrong_Username_And_Correct_Password/Page_CURA Healthcare Service/button_Login' is clicked on

2020-09-24 11:24:41 - [TEST_STEP][PASSED] - verifyElementPresent(findTestObject("Object Repository/Wrong_Username_And_Correct_Password/Page_CURA Healthcare Service/p_Login failed Please ensure the username a_eb55b5"), 0): Object 'Object Repository/Wrong_Username_And_Correct_Password/Page_CURA Healthcare Service/p_Login failed Please ensure the username a_eb55b5' is present

2020-09-24 11:24:41 - [MESSAGE][WARNING] - Timeout '0' is invalid. Using default page load timeout: '30'

2020-09-24 11:24:42 - [MESSAGE][PASSED] - Object 'Object Repository/Wrong_Username_And_Correct_Password/Page_CURA Healthcare Service/p_Login failed Please ensure the username a_eb55b5' is present

2020-09-24 11:24:42 - [TEST_STEP][PASSED] - closeBrowser(): Browser is closed

2020-09-24 11:24:43 - [MESSAGE][PASSED] - Browser is closed]]></system-out>
         <system-err><![CDATA[]]></system-err>
      </testcase>
      <testcase name="Test Cases/Check login with wrong Username and Password" time="12.643" classname="Test Cases/Check login with wrong Username and Password" status="PASSED">
         <system-out><![CDATA[2020-09-24 11:24:43 - [TEST_CASE][PASSED] - Test Cases/Check login with wrong Username and Password: Test Cases/Check login with wrong Username and Password

2020-09-24 11:24:44 - [TEST_STEP][PASSED] - openBrowser(""): Browser is opened with url: ''

2020-09-24 11:24:44 - [MESSAGE][INFO] - Starting 'Chrome' driver

2020-09-24 11:24:44 - [MESSAGE][INFO] - Action delay is set to 0 milliseconds

2020-09-24 11:24:47 - [MESSAGE][PASSED] - Browser is opened with url: ''

2020-09-24 11:24:47 - [TEST_STEP][PASSED] - navigateToUrl("https://katalon-demo-cura.herokuapp.com/"): Navigate to 'https://katalon-demo-cura.herokuapp.com/' successfully

2020-09-24 11:24:50 - [MESSAGE][PASSED] - Navigate to 'https://katalon-demo-cura.herokuapp.com/' successfully

2020-09-24 11:24:50 - [TEST_STEP][PASSED] - click(findTestObject("Object Repository/Wrong_Username_And_Password/Page_CURA Healthcare Service/i_CURA Healthcare_fa fa-bars")): Object: 'Object Repository/Wrong_Username_And_Password/Page_CURA Healthcare Service/i_CURA Healthcare_fa fa-bars' is clicked on

2020-09-24 11:24:50 - [MESSAGE][PASSED] - Object: 'Object Repository/Wrong_Username_And_Password/Page_CURA Healthcare Service/i_CURA Healthcare_fa fa-bars' is clicked on

2020-09-24 11:24:50 - [TEST_STEP][PASSED] - click(findTestObject("Object Repository/Wrong_Username_And_Password/Page_CURA Healthcare Service/a_Login")): Object: 'Object Repository/Wrong_Username_And_Password/Page_CURA Healthcare Service/a_Login' is clicked on

2020-09-24 11:24:52 - [MESSAGE][PASSED] - Object: 'Object Repository/Wrong_Username_And_Password/Page_CURA Healthcare Service/a_Login' is clicked on

2020-09-24 11:24:52 - [TEST_STEP][PASSED] - setText(findTestObject("Object Repository/Wrong_Username_And_Password/Page_CURA Healthcare Service/input_Username_username"), "Jonhdoeee"): Text 'Jonhdoeee' is set on object 'Object Repository/Wrong_Username_And_Password/Page_CURA Healthcare Service/input_Username_username'

2020-09-24 11:24:53 - [MESSAGE][PASSED] - Text 'Jonhdoeee' is set on object 'Object Repository/Wrong_Username_And_Password/Page_CURA Healthcare Service/input_Username_username'

2020-09-24 11:24:53 - [TEST_STEP][PASSED] - setEncryptedText(findTestObject("Object Repository/Wrong_Username_And_Password/Page_CURA Healthcare Service/input_Password_password"), "wl0LvoOtaVwzypN4kraLMF7jpm206SQJ"): Text ****** has been set on object 'Object Repository/Wrong_Username_And_Password/Page_CURA Healthcare Service/input_Password_password'

2020-09-24 11:24:53 - [MESSAGE][PASSED] - Text ****** has been set on object 'Object Repository/Wrong_Username_And_Password/Page_CURA Healthcare Service/input_Password_password'

2020-09-24 11:24:53 - [TEST_STEP][PASSED] - click(findTestObject("Object Repository/Wrong_Username_And_Password/Page_CURA Healthcare Service/button_Login")): Object: 'Object Repository/Wrong_Username_And_Password/Page_CURA Healthcare Service/button_Login' is clicked on

2020-09-24 11:24:55 - [MESSAGE][PASSED] - Object: 'Object Repository/Wrong_Username_And_Password/Page_CURA Healthcare Service/button_Login' is clicked on

2020-09-24 11:24:55 - [TEST_STEP][PASSED] - verifyElementPresent(findTestObject("Object Repository/Wrong_Username_And_Password/Page_CURA Healthcare Service/p_Login failed Please ensure the username a_eb55b5"), 0): Object 'Object Repository/Wrong_Username_And_Password/Page_CURA Healthcare Service/p_Login failed Please ensure the username a_eb55b5' is present

2020-09-24 11:24:55 - [MESSAGE][WARNING] - Timeout '0' is invalid. Using default page load timeout: '30'

2020-09-24 11:24:55 - [MESSAGE][PASSED] - Object 'Object Repository/Wrong_Username_And_Password/Page_CURA Healthcare Service/p_Login failed Please ensure the username a_eb55b5' is present

2020-09-24 11:24:55 - [TEST_STEP][PASSED] - closeBrowser(): Browser is closed

2020-09-24 11:24:56 - [MESSAGE][PASSED] - Browser is closed]]></system-out>
         <system-err><![CDATA[]]></system-err>
      </testcase>
      <system-out><![CDATA[2020-09-24 11:23:42 - [TEST_SUITE][PASSED] - TestCaseLogin: Test Cases/Check login with wrong Username and Password]]></system-out>
      <system-err><![CDATA[]]></system-err>
   </testsuite>
</testsuites>
