<?xml version="1.0" encoding="UTF-8"?>
<testsuites name="Lab02_TestCaseLogin" time="94.559" tests="5" failures="0" errors="0">
   <testsuite name="Lab02_TestCaseLogin" tests="5" failures="0" errors="0" time="94.559" timestamp="2020-09-30 17:43:46" hostname="Liliths - DESKTOP-KOSEG6E" id="Test Suites/Lab02_TestCaseLogin">
      <properties>
         <property name="deviceName" value=""/>
         <property name="devicePlatform" value=""/>
         <property name="logFolder" value="C:\\Users\\Liliths\\Katalon Studio\\Lab02_TestCase\\Lab02\\Reports\\20200930_174335\\Lab02_TestCaseLogin\\20200930_174335"/>
         <property name="logFiles" value="C:\\Users\\Liliths\\Katalon Studio\\Lab02_TestCase\\Lab02\\Reports\\20200930_174335\\Lab02_TestCaseLogin\\20200930_174335\\execution0.log"/>
         <property name="attachments" value=""/>
         <property name="hostName" value="Liliths - DESKTOP-KOSEG6E"/>
         <property name="os" value="Windows 10 64bit"/>
         <property name="katalonVersion" value="7.7.0.205"/>
         <property name="browser" value="Chrome 85.0.4183.121"/>
         <property name="hostAddress" value="172.16.0.93"/>
         <property name="sessionId" value="b204addac4752b3fbe0b8c01dbd2826f"/>
         <property name="seleniumVersion" value="3.141.59"/>
         <property name="proxyInformation" value="ProxyInformation { proxyOption=NO_PROXY, proxyServerType=HTTP, username=, password=********, proxyServerAddress=, proxyServerPort=0, executionList=&quot;&quot;, isApplyToDesiredCapabilities=true }"/>
         <property name="platform" value="Windows 10"/>
      </properties>
      <testcase name="Test Cases/Check_login_with_wrong_Username_and_Password" time="34.694" classname="Test Cases/Check_login_with_wrong_Username_and_Password" status="PASSED">
         <system-out><![CDATA[2020-09-30 17:43:46 - [TEST_CASE][PASSED] - Test Cases/Check_login_with_wrong_Username_and_Password: Test Cases/Check_login_with_wrong_Username_and_Password

2020-09-30 17:43:47 - [TEST_STEP][PASSED] - openBrowser(""): Browser is opened with url: ''

2020-09-30 17:43:48 - [MESSAGE][INFO] - Starting 'Chrome' driver

2020-09-30 17:43:48 - [MESSAGE][INFO] - Action delay is set to 0 milliseconds

2020-09-30 17:43:55 - [MESSAGE][PASSED] - Browser is opened with url: ''

2020-09-30 17:43:55 - [TEST_STEP][PASSED] - navigateToUrl("https://katalon-demo-cura.herokuapp.com/"): Navigate to 'https://katalon-demo-cura.herokuapp.com/' successfully

2020-09-30 17:44:14 - [MESSAGE][PASSED] - Navigate to 'https://katalon-demo-cura.herokuapp.com/' successfully

2020-09-30 17:44:14 - [TEST_STEP][PASSED] - click(findTestObject("Object Repository/Wrong_Username_And_Password/Page_CURA Healthcare Service/i_CURA Healthcare_fa fa-bars")): Object: 'Object Repository/Wrong_Username_And_Password/Page_CURA Healthcare Service/i_CURA Healthcare_fa fa-bars' is clicked on

2020-09-30 17:44:15 - [MESSAGE][PASSED] - Object: 'Object Repository/Wrong_Username_And_Password/Page_CURA Healthcare Service/i_CURA Healthcare_fa fa-bars' is clicked on

2020-09-30 17:44:15 - [TEST_STEP][PASSED] - click(findTestObject("Object Repository/Wrong_Username_And_Password/Page_CURA Healthcare Service/a_Login")): Object: 'Object Repository/Wrong_Username_And_Password/Page_CURA Healthcare Service/a_Login' is clicked on

2020-09-30 17:44:16 - [MESSAGE][PASSED] - Object: 'Object Repository/Wrong_Username_And_Password/Page_CURA Healthcare Service/a_Login' is clicked on

2020-09-30 17:44:16 - [TEST_STEP][PASSED] - setText(findTestObject("Object Repository/Wrong_Username_And_Password/Page_CURA Healthcare Service/input_Username_username"), username): Text 'jogadhsagdsa' is set on object 'Object Repository/Wrong_Username_And_Password/Page_CURA Healthcare Service/input_Username_username'

2020-09-30 17:44:17 - [MESSAGE][PASSED] - Text 'jogadhsagdsa' is set on object 'Object Repository/Wrong_Username_And_Password/Page_CURA Healthcare Service/input_Username_username'

2020-09-30 17:44:17 - [TEST_STEP][PASSED] - setEncryptedText(findTestObject("Object Repository/Wrong_Username_And_Password/Page_CURA Healthcare Service/input_Password_password"), "wl0LvoOtaVwzypN4kraLMF7jpm206SQJ"): Text ****** has been set on object 'Object Repository/Wrong_Username_And_Password/Page_CURA Healthcare Service/input_Password_password'

2020-09-30 17:44:18 - [MESSAGE][PASSED] - Text ****** has been set on object 'Object Repository/Wrong_Username_And_Password/Page_CURA Healthcare Service/input_Password_password'

2020-09-30 17:44:18 - [TEST_STEP][PASSED] - click(findTestObject("Object Repository/Wrong_Username_And_Password/Page_CURA Healthcare Service/button_Login")): Object: 'Object Repository/Wrong_Username_And_Password/Page_CURA Healthcare Service/button_Login' is clicked on

2020-09-30 17:44:19 - [MESSAGE][PASSED] - Object: 'Object Repository/Wrong_Username_And_Password/Page_CURA Healthcare Service/button_Login' is clicked on

2020-09-30 17:44:19 - [TEST_STEP][PASSED] - waitForElementPresent(findTestObject("Wrong_Username_And_Password/Page_CURA Healthcare Service/p_Login failed Please ensure the username a_eb55b5"), 30): Object 'Object Repository/Wrong_Username_And_Password/Page_CURA Healthcare Service/p_Login failed Please ensure the username a_eb55b5' is present

2020-09-30 17:44:20 - [MESSAGE][PASSED] - Object 'Object Repository/Wrong_Username_And_Password/Page_CURA Healthcare Service/p_Login failed Please ensure the username a_eb55b5' is present

2020-09-30 17:44:20 - [TEST_STEP][PASSED] - verifyElementText(findTestObject("Object Repository/Wrong_Username_And_Password/Page_CURA Healthcare Service/p_Login failed Please ensure the username a_eb55b5"), "Login failed! Please ensure the username and password are valid."): Actual text and expected text of test object 'Object Repository/Wrong_Username_And_Password/Page_CURA Healthcare Service/p_Login failed Please ensure the username a_eb55b5' are matched.

2020-09-30 17:44:20 - [MESSAGE][PASSED] - Actual text and expected text of test object 'Object Repository/Wrong_Username_And_Password/Page_CURA Healthcare Service/p_Login failed Please ensure the username a_eb55b5' are matched.

2020-09-30 17:44:20 - [TEST_STEP][PASSED] - closeBrowser(): Browser is closed

2020-09-30 17:44:21 - [MESSAGE][PASSED] - Browser is closed]]></system-out>
         <system-err><![CDATA[]]></system-err>
      </testcase>
      <testcase name="Test Cases/Check_login_with_wrong_Username_and_correct_Password" time="15.74" classname="Test Cases/Check_login_with_wrong_Username_and_correct_Password" status="PASSED">
         <system-out><![CDATA[2020-09-30 17:44:21 - [TEST_CASE][PASSED] - Test Cases/Check_login_with_wrong_Username_and_correct_Password: Test Cases/Check_login_with_wrong_Username_and_correct_Password

2020-09-30 17:44:22 - [TEST_STEP][PASSED] - openBrowser(""): Browser is opened with url: ''

2020-09-30 17:44:22 - [MESSAGE][INFO] - Starting 'Chrome' driver

2020-09-30 17:44:22 - [MESSAGE][INFO] - Action delay is set to 0 milliseconds

2020-09-30 17:44:25 - [MESSAGE][PASSED] - Browser is opened with url: ''

2020-09-30 17:44:25 - [TEST_STEP][PASSED] - navigateToUrl("https://katalon-demo-cura.herokuapp.com/"): Navigate to 'https://katalon-demo-cura.herokuapp.com/' successfully

2020-09-30 17:44:29 - [MESSAGE][PASSED] - Navigate to 'https://katalon-demo-cura.herokuapp.com/' successfully

2020-09-30 17:44:29 - [TEST_STEP][PASSED] - click(findTestObject("Object Repository/Wrong_Username_And_Correct_Password/Page_CURA Healthcare Service/i_CURA Healthcare_fa fa-bars")): Object: 'Object Repository/Wrong_Username_And_Correct_Password/Page_CURA Healthcare Service/i_CURA Healthcare_fa fa-bars' is clicked on

2020-09-30 17:44:29 - [MESSAGE][PASSED] - Object: 'Object Repository/Wrong_Username_And_Correct_Password/Page_CURA Healthcare Service/i_CURA Healthcare_fa fa-bars' is clicked on

2020-09-30 17:44:29 - [TEST_STEP][PASSED] - click(findTestObject("Object Repository/Wrong_Username_And_Correct_Password/Page_CURA Healthcare Service/a_Login")): Object: 'Object Repository/Wrong_Username_And_Correct_Password/Page_CURA Healthcare Service/a_Login' is clicked on

2020-09-30 17:44:31 - [MESSAGE][PASSED] - Object: 'Object Repository/Wrong_Username_And_Correct_Password/Page_CURA Healthcare Service/a_Login' is clicked on

2020-09-30 17:44:31 - [TEST_STEP][PASSED] - setText(findTestObject("Object Repository/Wrong_Username_And_Correct_Password/Page_CURA Healthcare Service/input_Username_username"), username): Text 'johndoooee' is set on object 'Object Repository/Wrong_Username_And_Correct_Password/Page_CURA Healthcare Service/input_Username_username'

2020-09-30 17:44:32 - [MESSAGE][PASSED] - Text 'johndoooee' is set on object 'Object Repository/Wrong_Username_And_Correct_Password/Page_CURA Healthcare Service/input_Username_username'

2020-09-30 17:44:32 - [TEST_STEP][PASSED] - setEncryptedText(findTestObject("Object Repository/Wrong_Username_And_Correct_Password/Page_CURA Healthcare Service/input_Password_password"), "PZQwh3QeQDDcirbK8Iu+E413IX9ElTWk"): Text ****** has been set on object 'Object Repository/Wrong_Username_And_Correct_Password/Page_CURA Healthcare Service/input_Password_password'

2020-09-30 17:44:32 - [MESSAGE][PASSED] - Text ****** has been set on object 'Object Repository/Wrong_Username_And_Correct_Password/Page_CURA Healthcare Service/input_Password_password'

2020-09-30 17:44:32 - [TEST_STEP][PASSED] - click(findTestObject("Object Repository/Wrong_Username_And_Correct_Password/Page_CURA Healthcare Service/button_Login")): Object: 'Object Repository/Wrong_Username_And_Correct_Password/Page_CURA Healthcare Service/button_Login' is clicked on

2020-09-30 17:44:34 - [MESSAGE][PASSED] - Object: 'Object Repository/Wrong_Username_And_Correct_Password/Page_CURA Healthcare Service/button_Login' is clicked on

2020-09-30 17:44:34 - [TEST_STEP][PASSED] - waitForElementPresent(findTestObject("Wrong_Username_And_Correct_Password/Page_CURA Healthcare Service/p_Login failed Please ensure the username a_eb55b5"), 30): Object 'Object Repository/Wrong_Username_And_Correct_Password/Page_CURA Healthcare Service/p_Login failed Please ensure the username a_eb55b5' is present

2020-09-30 17:44:34 - [MESSAGE][PASSED] - Object 'Object Repository/Wrong_Username_And_Correct_Password/Page_CURA Healthcare Service/p_Login failed Please ensure the username a_eb55b5' is present

2020-09-30 17:44:34 - [TEST_STEP][PASSED] - verifyElementText(findTestObject("Object Repository/Wrong_Username_And_Correct_Password/Page_CURA Healthcare Service/p_Login failed Please ensure the username a_eb55b5"), "Login failed! Please ensure the username and password are valid."): Actual text and expected text of test object 'Object Repository/Wrong_Username_And_Correct_Password/Page_CURA Healthcare Service/p_Login failed Please ensure the username a_eb55b5' are matched.

2020-09-30 17:44:35 - [MESSAGE][PASSED] - Actual text and expected text of test object 'Object Repository/Wrong_Username_And_Correct_Password/Page_CURA Healthcare Service/p_Login failed Please ensure the username a_eb55b5' are matched.

2020-09-30 17:44:35 - [TEST_STEP][PASSED] - closeBrowser(): Browser is closed

2020-09-30 17:44:37 - [MESSAGE][PASSED] - Browser is closed]]></system-out>
         <system-err><![CDATA[]]></system-err>
      </testcase>
      <testcase name="Test Cases/Check_login_with_correct_Username_and_wrong_Password" time="14.574" classname="Test Cases/Check_login_with_correct_Username_and_wrong_Password" status="PASSED">
         <system-out><![CDATA[2020-09-30 17:44:37 - [TEST_CASE][PASSED] - Test Cases/Check_login_with_correct_Username_and_wrong_Password: Test Cases/Check_login_with_correct_Username_and_wrong_Password

2020-09-30 17:44:37 - [TEST_STEP][PASSED] - openBrowser(""): Browser is opened with url: ''

2020-09-30 17:44:37 - [MESSAGE][INFO] - Starting 'Chrome' driver

2020-09-30 17:44:37 - [MESSAGE][INFO] - Action delay is set to 0 milliseconds

2020-09-30 17:44:41 - [MESSAGE][PASSED] - Browser is opened with url: ''

2020-09-30 17:44:41 - [TEST_STEP][PASSED] - navigateToUrl("https://katalon-demo-cura.herokuapp.com/"): Navigate to 'https://katalon-demo-cura.herokuapp.com/' successfully

2020-09-30 17:44:45 - [MESSAGE][PASSED] - Navigate to 'https://katalon-demo-cura.herokuapp.com/' successfully

2020-09-30 17:44:45 - [TEST_STEP][PASSED] - click(findTestObject("Object Repository/Correct_Username_And_Wrong_Password/Page_CURA Healthcare Service/i_CURA Healthcare_fa fa-bars")): Object: 'Object Repository/Correct_Username_And_Wrong_Password/Page_CURA Healthcare Service/i_CURA Healthcare_fa fa-bars' is clicked on

2020-09-30 17:44:45 - [MESSAGE][PASSED] - Object: 'Object Repository/Correct_Username_And_Wrong_Password/Page_CURA Healthcare Service/i_CURA Healthcare_fa fa-bars' is clicked on

2020-09-30 17:44:45 - [TEST_STEP][PASSED] - click(findTestObject("Object Repository/Correct_Username_And_Wrong_Password/Page_CURA Healthcare Service/a_Login")): Object: 'Object Repository/Correct_Username_And_Wrong_Password/Page_CURA Healthcare Service/a_Login' is clicked on

2020-09-30 17:44:46 - [MESSAGE][PASSED] - Object: 'Object Repository/Correct_Username_And_Wrong_Password/Page_CURA Healthcare Service/a_Login' is clicked on

2020-09-30 17:44:46 - [TEST_STEP][PASSED] - setText(findTestObject("Object Repository/Correct_Username_And_Wrong_Password/Page_CURA Healthcare Service/input_Username_username"), username): Text 'John Doe' is set on object 'Object Repository/Correct_Username_And_Wrong_Password/Page_CURA Healthcare Service/input_Username_username'

2020-09-30 17:44:47 - [MESSAGE][PASSED] - Text 'John Doe' is set on object 'Object Repository/Correct_Username_And_Wrong_Password/Page_CURA Healthcare Service/input_Username_username'

2020-09-30 17:44:47 - [TEST_STEP][PASSED] - setEncryptedText(findTestObject("Object Repository/Correct_Username_And_Wrong_Password/Page_CURA Healthcare Service/input_Password_password"), "ib8hrRQklRUkn3gfaSQjLg=="): Text ****** has been set on object 'Object Repository/Correct_Username_And_Wrong_Password/Page_CURA Healthcare Service/input_Password_password'

2020-09-30 17:44:48 - [MESSAGE][PASSED] - Text ****** has been set on object 'Object Repository/Correct_Username_And_Wrong_Password/Page_CURA Healthcare Service/input_Password_password'

2020-09-30 17:44:48 - [TEST_STEP][PASSED] - click(findTestObject("Object Repository/Correct_Username_And_Wrong_Password/Page_CURA Healthcare Service/button_Login")): Object: 'Object Repository/Correct_Username_And_Wrong_Password/Page_CURA Healthcare Service/button_Login' is clicked on

2020-09-30 17:44:49 - [MESSAGE][PASSED] - Object: 'Object Repository/Correct_Username_And_Wrong_Password/Page_CURA Healthcare Service/button_Login' is clicked on

2020-09-30 17:44:49 - [TEST_STEP][PASSED] - waitForElementPresent(findTestObject("Correct_Username_And_Wrong_Password/Page_CURA Healthcare Service/p_Login failed Please ensure the username a_eb55b5"), 30): Object 'Object Repository/Correct_Username_And_Wrong_Password/Page_CURA Healthcare Service/p_Login failed Please ensure the username a_eb55b5' is present

2020-09-30 17:44:50 - [MESSAGE][PASSED] - Object 'Object Repository/Correct_Username_And_Wrong_Password/Page_CURA Healthcare Service/p_Login failed Please ensure the username a_eb55b5' is present

2020-09-30 17:44:50 - [TEST_STEP][PASSED] - verifyElementText(findTestObject("Object Repository/Correct_Username_And_Wrong_Password/Page_CURA Healthcare Service/p_Login failed Please ensure the username a_eb55b5"), "Login failed! Please ensure the username and password are valid."): Actual text and expected text of test object 'Object Repository/Correct_Username_And_Wrong_Password/Page_CURA Healthcare Service/p_Login failed Please ensure the username a_eb55b5' are matched.

2020-09-30 17:44:50 - [MESSAGE][PASSED] - Actual text and expected text of test object 'Object Repository/Correct_Username_And_Wrong_Password/Page_CURA Healthcare Service/p_Login failed Please ensure the username a_eb55b5' are matched.

2020-09-30 17:44:50 - [TEST_STEP][PASSED] - closeBrowser(): Browser is closed

2020-09-30 17:44:51 - [MESSAGE][PASSED] - Browser is closed]]></system-out>
         <system-err><![CDATA[]]></system-err>
      </testcase>
      <testcase name="Test Cases/Check_login_with_correct_Username_and_Password" time="13.422" classname="Test Cases/Check_login_with_correct_Username_and_Password" status="PASSED">
         <system-out><![CDATA[2020-09-30 17:44:51 - [TEST_CASE][PASSED] - Test Cases/Check_login_with_correct_Username_and_Password: Test Cases/Check_login_with_correct_Username_and_Password

2020-09-30 17:44:52 - [TEST_STEP][PASSED] - openBrowser(""): Browser is opened with url: ''

2020-09-30 17:44:52 - [MESSAGE][INFO] - Starting 'Chrome' driver

2020-09-30 17:44:52 - [MESSAGE][INFO] - Action delay is set to 0 milliseconds

2020-09-30 17:44:56 - [MESSAGE][PASSED] - Browser is opened with url: ''

2020-09-30 17:44:56 - [TEST_STEP][PASSED] - navigateToUrl("https://katalon-demo-cura.herokuapp.com/"): Navigate to 'https://katalon-demo-cura.herokuapp.com/' successfully

2020-09-30 17:44:59 - [MESSAGE][PASSED] - Navigate to 'https://katalon-demo-cura.herokuapp.com/' successfully

2020-09-30 17:44:59 - [TEST_STEP][PASSED] - click(findTestObject("Object Repository/Correct_Username_And_Password/Page_CURA Healthcare Service/a_Make Appointment")): Object: 'Object Repository/Correct_Username_And_Password/Page_CURA Healthcare Service/a_Make Appointment' is clicked on

2020-09-30 17:45:01 - [MESSAGE][PASSED] - Object: 'Object Repository/Correct_Username_And_Password/Page_CURA Healthcare Service/a_Make Appointment' is clicked on

2020-09-30 17:45:01 - [TEST_STEP][PASSED] - setText(findTestObject("Object Repository/Correct_Username_And_Password/Page_CURA Healthcare Service/input_Username_username"), username): Text 'John Doe' is set on object 'Object Repository/Correct_Username_And_Password/Page_CURA Healthcare Service/input_Username_username'

2020-09-30 17:45:01 - [MESSAGE][PASSED] - Text 'John Doe' is set on object 'Object Repository/Correct_Username_And_Password/Page_CURA Healthcare Service/input_Username_username'

2020-09-30 17:45:01 - [TEST_STEP][PASSED] - setEncryptedText(findTestObject("Object Repository/Correct_Username_And_Password/Page_CURA Healthcare Service/input_Password_password"), "g3/DOGG74jC3Flrr3yH+3D/yKbOqqUNM"): Text ****** has been set on object 'Object Repository/Correct_Username_And_Password/Page_CURA Healthcare Service/input_Password_password'

2020-09-30 17:45:02 - [MESSAGE][PASSED] - Text ****** has been set on object 'Object Repository/Correct_Username_And_Password/Page_CURA Healthcare Service/input_Password_password'

2020-09-30 17:45:02 - [TEST_STEP][PASSED] - click(findTestObject("Object Repository/Correct_Username_And_Password/Page_CURA Healthcare Service/button_Login")): Object: 'Object Repository/Correct_Username_And_Password/Page_CURA Healthcare Service/button_Login' is clicked on

2020-09-30 17:45:03 - [MESSAGE][PASSED] - Object: 'Object Repository/Correct_Username_And_Password/Page_CURA Healthcare Service/button_Login' is clicked on

2020-09-30 17:45:03 - [TEST_STEP][PASSED] - waitForElementPresent(findTestObject("Correct_Username_And_Password/Page_CURA Healthcare Service/h2_Make Appointment"), 30): Object 'Object Repository/Correct_Username_And_Password/Page_CURA Healthcare Service/h2_Make Appointment' is present

2020-09-30 17:45:04 - [MESSAGE][PASSED] - Object 'Object Repository/Correct_Username_And_Password/Page_CURA Healthcare Service/h2_Make Appointment' is present

2020-09-30 17:45:04 - [TEST_STEP][PASSED] - verifyElementText(findTestObject("Object Repository/Correct_Username_And_Password/Page_CURA Healthcare Service/h2_Make Appointment"), "Make Appointment"): Actual text and expected text of test object 'Object Repository/Correct_Username_And_Password/Page_CURA Healthcare Service/h2_Make Appointment' are matched.

2020-09-30 17:45:04 - [MESSAGE][PASSED] - Actual text and expected text of test object 'Object Repository/Correct_Username_And_Password/Page_CURA Healthcare Service/h2_Make Appointment' are matched.

2020-09-30 17:45:04 - [TEST_STEP][PASSED] - closeBrowser(): Browser is closed

2020-09-30 17:45:05 - [MESSAGE][PASSED] - Browser is closed]]></system-out>
         <system-err><![CDATA[]]></system-err>
      </testcase>
      <testcase name="Test Cases/Check_login_with_all_empty_fields" time="13.096" classname="Test Cases/Check_login_with_all_empty_fields" status="PASSED">
         <system-out><![CDATA[2020-09-30 17:45:05 - [TEST_CASE][PASSED] - Test Cases/Check_login_with_all_empty_fields: Test Cases/Check_login_with_all_empty_fields

2020-09-30 17:45:05 - [TEST_STEP][PASSED] - openBrowser(""): Browser is opened with url: ''

2020-09-30 17:45:05 - [MESSAGE][INFO] - Starting 'Chrome' driver

2020-09-30 17:45:05 - [MESSAGE][INFO] - Action delay is set to 0 milliseconds

2020-09-30 17:45:09 - [MESSAGE][PASSED] - Browser is opened with url: ''

2020-09-30 17:45:09 - [TEST_STEP][PASSED] - navigateToUrl("https://katalon-demo-cura.herokuapp.com/"): Navigate to 'https://katalon-demo-cura.herokuapp.com/' successfully

2020-09-30 17:45:12 - [MESSAGE][PASSED] - Navigate to 'https://katalon-demo-cura.herokuapp.com/' successfully

2020-09-30 17:45:12 - [TEST_STEP][PASSED] - click(findTestObject("Object Repository/All_Empty_Fields/Page_CURA Healthcare Service/i_CURA Healthcare_fa fa-bars")): Object: 'Object Repository/All_Empty_Fields/Page_CURA Healthcare Service/i_CURA Healthcare_fa fa-bars' is clicked on

2020-09-30 17:45:13 - [MESSAGE][PASSED] - Object: 'Object Repository/All_Empty_Fields/Page_CURA Healthcare Service/i_CURA Healthcare_fa fa-bars' is clicked on

2020-09-30 17:45:13 - [TEST_STEP][PASSED] - click(findTestObject("Object Repository/All_Empty_Fields/Page_CURA Healthcare Service/a_Login")): Object: 'Object Repository/All_Empty_Fields/Page_CURA Healthcare Service/a_Login' is clicked on

2020-09-30 17:45:14 - [MESSAGE][PASSED] - Object: 'Object Repository/All_Empty_Fields/Page_CURA Healthcare Service/a_Login' is clicked on

2020-09-30 17:45:14 - [TEST_STEP][PASSED] - click(findTestObject("Object Repository/All_Empty_Fields/Page_CURA Healthcare Service/button_Login")): Object: 'Object Repository/All_Empty_Fields/Page_CURA Healthcare Service/button_Login' is clicked on

2020-09-30 17:45:16 - [MESSAGE][PASSED] - Object: 'Object Repository/All_Empty_Fields/Page_CURA Healthcare Service/button_Login' is clicked on

2020-09-30 17:45:16 - [TEST_STEP][PASSED] - waitForElementPresent(findTestObject("All_Empty_Fields/Page_CURA Healthcare Service/p_Login failed Please ensure the username a_eb55b5"), 30): Object 'Object Repository/All_Empty_Fields/Page_CURA Healthcare Service/p_Login failed Please ensure the username a_eb55b5' is present

2020-09-30 17:45:16 - [MESSAGE][PASSED] - Object 'Object Repository/All_Empty_Fields/Page_CURA Healthcare Service/p_Login failed Please ensure the username a_eb55b5' is present

2020-09-30 17:45:16 - [TEST_STEP][PASSED] - verifyElementText(findTestObject("Object Repository/All_Empty_Fields/Page_CURA Healthcare Service/p_Login failed Please ensure the username a_eb55b5"), "Login failed! Please ensure the username and password are valid."): Actual text and expected text of test object 'Object Repository/All_Empty_Fields/Page_CURA Healthcare Service/p_Login failed Please ensure the username a_eb55b5' are matched.

2020-09-30 17:45:17 - [MESSAGE][PASSED] - Actual text and expected text of test object 'Object Repository/All_Empty_Fields/Page_CURA Healthcare Service/p_Login failed Please ensure the username a_eb55b5' are matched.

2020-09-30 17:45:17 - [TEST_STEP][PASSED] - closeBrowser(): Browser is closed

2020-09-30 17:45:18 - [MESSAGE][PASSED] - Browser is closed]]></system-out>
         <system-err><![CDATA[]]></system-err>
      </testcase>
      <system-out><![CDATA[2020-09-30 17:43:46 - [TEST_SUITE][PASSED] - Lab02_TestCaseLogin: Test Cases/Check_login_with_all_empty_fields]]></system-out>
      <system-err><![CDATA[]]></system-err>
   </testsuite>
</testsuites>
